[2018-03-13 13:54:02.024][debug][command:107f14a0-02c7-4d18-9f54-dc944338e365][tid:73][com.facebook.buck.event.listener.SuperConsoleEventBusListener] Starting render scheduler (interval 100 ms)
[2018-03-13 13:54:02.024][debug][command:107f14a0-02c7-4d18-9f54-dc944338e365][tid:73][com.google.common.util.concurrent.ServiceManager] Starting PerfStatsTracking [STARTING].
[2018-03-13 13:54:02.025][debug][command:107f14a0-02c7-4d18-9f54-dc944338e365][tid:73][com.google.common.util.concurrent.ServiceManager] Started PerfStatsTracking [RUNNING] in 722.9 μs.
[2018-03-13 13:54:02.025][debug][command:107f14a0-02c7-4d18-9f54-dc944338e365][tid:73][com.google.common.util.concurrent.ServiceManager] Starting ProcessTracker [STARTING].
[2018-03-13 13:54:02.026][debug][command:107f14a0-02c7-4d18-9f54-dc944338e365][tid:73][com.facebook.buck.cli.Main] InvocationInfo BuildId=[107f14a0-02c7-4d18-9f54-dc944338e365] Args=[build, app]
[2018-03-13 13:54:02.026][debug][command:null][tid:87][com.facebook.buck.util.perf.ProcessTracker] startUp
[2018-03-13 13:54:02.026][debug][command:null][tid:87][com.facebook.buck.util.perf.ProcessTracker] startUp
[2018-03-13 13:54:02.026][debug][command:107f14a0-02c7-4d18-9f54-dc944338e365][tid:73][com.facebook.buck.util.environment.MacWifiSsidFinder] Getting current SSID..
[2018-03-13 13:54:02.027][debug][command:107f14a0-02c7-4d18-9f54-dc944338e365][tid:73][com.facebook.buck.util.environment.MacWifiSsidFinder] Getting SSID from Wi-Fi interface: <CWInterface: 0x7fb3e6e02560> [interfaceName=en0]
[2018-03-13 13:54:02.028][debug][command:null][tid:87][com.google.common.util.concurrent.ServiceManager] Started ProcessTracker [RUNNING] in 2.608 ms.
[2018-03-13 13:54:02.028][debug][command:null][tid:87][com.google.common.util.concurrent.ServiceManager] Started ProcessTracker [RUNNING] in 2.608 ms.
[2018-03-13 13:54:02.028][debug][command:107f14a0-02c7-4d18-9f54-dc944338e365][tid:73][com.facebook.buck.util.environment.MacWifiSsidFinder] No SSID found for interface <CWInterface: 0x7fb3e6e02560> [interfaceName=en0].
[2018-03-13 13:54:02.036][warn ][command:null][tid:90][com.facebook.buck.event.listener.PublicAnnouncementManager] Failed to get public announcements. Reason: Failed to establish connection to server.
[2018-03-13 13:54:02.036][warn ][command:null][tid:90][com.facebook.buck.event.listener.PublicAnnouncementManager] Failed to get public announcements. Reason: Failed to establish connection to server.
[2018-03-13 13:54:02.036][info ][command:null][tid:91][com.facebook.buck.util.versioncontrol.VersionControlStatsGenerator] Starting generation of version control stats.
[2018-03-13 13:54:02.036][info ][command:null][tid:91][com.facebook.buck.util.versioncontrol.VersionControlStatsGenerator] Starting generation of version control stats.
[2018-03-13 13:54:02.037][debug][command:null][tid:91][com.facebook.buck.util.versioncontrol.VersionControlCmdLineInterface] Executing command: hg log -l 1 --template {node|short}
[2018-03-13 13:54:02.037][debug][command:null][tid:91][com.facebook.buck.util.versioncontrol.VersionControlCmdLineInterface] Executing command: hg log -l 1 --template {node|short}
[2018-03-13 13:54:02.038][debug][command:107f14a0-02c7-4d18-9f54-dc944338e365][tid:73][com.facebook.buck.parser.Parser] com.facebook.buck.event.DefaultBuckEventBus@32898aad
[2018-03-13 13:54:02.038][debug][command:null][tid:82][com.facebook.buck.io.WatchmanTransportClient] Sending query: [query, /Users/guirassy/Desktop/Projects/Projet_Annuel/FlashLove_Android/FlashLove, {since=c:1520945622:21930:1:20, expression=[not, [anyof, [type, d], [dirname, .idea], [dirname, .buckd], [dirname, buck-out/cache], [dirname, buck-out/.trash], [dirname, buck-out], [match, **/*.pbxproj, wholename, {includedotfiles=true}], [match, **/*.xcscheme, wholename, {includedotfiles=true}], [match, **/*.xcworkspacedata, wholename, {includedotfiles=true}], [match, **/*~, wholename, {includedotfiles=true}], [match, **/#*#, wholename, {includedotfiles=true}], [match, **/.#*, wholename, {includedotfiles=true}], [match, **/*.swo, wholename, {includedotfiles=true}], [match, **/*.swp, wholename, {includedotfiles=true}], [match, **/*.swpx, wholename, {includedotfiles=true}], [match, **/*.un~, wholename, {includedotfiles=true}], [match, **/.netrhwist, wholename, {includedotfiles=true}], [match, .idea, wholename, {includedotfiles=true}], [match, .iml, wholename, {includedotfiles=true}], [match, **/*.pydevproject, wholename, {includedotfiles=true}], [match, .project, wholename, {includedotfiles=true}], [match, .metadata, wholename, {includedotfiles=true}], [match, **/*.tmp, wholename, {includedotfiles=true}], [match, **/*.bak, wholename, {includedotfiles=true}], [match, **/*~.nib, wholename, {includedotfiles=true}], [match, .classpath, wholename, {includedotfiles=true}], [match, .settings, wholename, {includedotfiles=true}], [match, .loadpath, wholename, {includedotfiles=true}], [match, .externalToolBuilders, wholename, {includedotfiles=true}], [match, .cproject, wholename, {includedotfiles=true}], [match, .buildpath, wholename, {includedotfiles=true}], [match, .DS_Store, wholename, {includedotfiles=true}], [match, .AppleDouble, wholename, {includedotfiles=true}], [match, .LSOverride, wholename, {includedotfiles=true}], [match, .Spotlight-V100, wholename, {includedotfiles=true}], [match, .Trashes, wholename, {includedotfiles=true}], [match, $RECYCLE.BIN, wholename, {includedotfiles=true}], [match, .*.sublime-workspace, wholename, {includedotfiles=true}]]], empty_on_fresh_instance=true, fields=[name, exists, new]}]
[2018-03-13 13:54:02.038][debug][command:null][tid:82][com.facebook.buck.io.WatchmanTransportClient] Sending query: [query, /Users/guirassy/Desktop/Projects/Projet_Annuel/FlashLove_Android/FlashLove, {since=c:1520945622:21930:1:20, expression=[not, [anyof, [type, d], [dirname, .idea], [dirname, .buckd], [dirname, buck-out/cache], [dirname, buck-out/.trash], [dirname, buck-out], [match, **/*.pbxproj, wholename, {includedotfiles=true}], [match, **/*.xcscheme, wholename, {includedotfiles=true}], [match, **/*.xcworkspacedata, wholename, {includedotfiles=true}], [match, **/*~, wholename, {includedotfiles=true}], [match, **/#*#, wholename, {includedotfiles=true}], [match, **/.#*, wholename, {includedotfiles=true}], [match, **/*.swo, wholename, {includedotfiles=true}], [match, **/*.swp, wholename, {includedotfiles=true}], [match, **/*.swpx, wholename, {includedotfiles=true}], [match, **/*.un~, wholename, {includedotfiles=true}], [match, **/.netrhwist, wholename, {includedotfiles=true}], [match, .idea, wholename, {includedotfiles=true}], [match, .iml, wholename, {includedotfiles=true}], [match, **/*.pydevproject, wholename, {includedotfiles=true}], [match, .project, wholename, {includedotfiles=true}], [match, .metadata, wholename, {includedotfiles=true}], [match, **/*.tmp, wholename, {includedotfiles=true}], [match, **/*.bak, wholename, {includedotfiles=true}], [match, **/*~.nib, wholename, {includedotfiles=true}], [match, .classpath, wholename, {includedotfiles=true}], [match, .settings, wholename, {includedotfiles=true}], [match, .loadpath, wholename, {includedotfiles=true}], [match, .externalToolBuilders, wholename, {includedotfiles=true}], [match, .cproject, wholename, {includedotfiles=true}], [match, .buildpath, wholename, {includedotfiles=true}], [match, .DS_Store, wholename, {includedotfiles=true}], [match, .AppleDouble, wholename, {includedotfiles=true}], [match, .LSOverride, wholename, {includedotfiles=true}], [match, .Spotlight-V100, wholename, {includedotfiles=true}], [match, .Trashes, wholename, {includedotfiles=true}], [match, $RECYCLE.BIN, wholename, {includedotfiles=true}], [match, .*.sublime-workspace, wholename, {includedotfiles=true}]]], empty_on_fresh_instance=true, fields=[name, exists, new]}]
[2018-03-13 13:54:02.044][warn ][command:null][tid:91][com.facebook.buck.util.versioncontrol.DelegatingVersionControlCmdLineInterface] Mercurial is the only VCS supported for VCS stats generation, however current project (which has enabled VCS stats generation in its .buckconfig) does not appear to be a Mercurial repository: 
com.facebook.buck.util.versioncontrol.VersionControlCommandFailedException: java.io.IOException: Cannot run program "hg" (in directory "/Users/guirassy/Desktop/Projects/Projet_Annuel/FlashLove_Android/FlashLove"): error=2, No such file or directory
[2018-03-13 13:54:02.044][warn ][command:null][tid:91][com.facebook.buck.util.versioncontrol.DelegatingVersionControlCmdLineInterface] Mercurial is the only VCS supported for VCS stats generation, however current project (which has enabled VCS stats generation in its .buckconfig) does not appear to be a Mercurial repository: 
com.facebook.buck.util.versioncontrol.VersionControlCommandFailedException: java.io.IOException: Cannot run program "hg" (in directory "/Users/guirassy/Desktop/Projects/Projet_Annuel/FlashLove_Android/FlashLove"): error=2, No such file or directory
[2018-03-13 13:54:02.044][debug][command:null][tid:91][com.facebook.buck.util.versioncontrol.DelegatingVersionControlCmdLineInterface] Using NoOpCmdLineInterface.
[2018-03-13 13:54:02.044][debug][command:null][tid:91][com.facebook.buck.util.versioncontrol.DelegatingVersionControlCmdLineInterface] Using NoOpCmdLineInterface.
[2018-03-13 13:54:02.044][warn ][command:null][tid:91][com.facebook.buck.util.versioncontrol.VersionControlStatsGenerator] Skipping generation of version control stats as unsupported repository type.
[2018-03-13 13:54:02.044][warn ][command:null][tid:91][com.facebook.buck.util.versioncontrol.VersionControlStatsGenerator] Skipping generation of version control stats as unsupported repository type.
[2018-03-13 13:54:02.044][debug][command:null][tid:91][com.facebook.buck.util.environment.MacNetworkConfiguration] Determine network service order and extract device names
[2018-03-13 13:54:02.044][debug][command:null][tid:91][com.facebook.buck.util.environment.MacNetworkConfiguration] Determine network service order and extract device names
[2018-03-13 13:54:02.046][debug][command:null][tid:91][com.facebook.buck.util.ListeningProcessExecutor] Launching process with params ProcessExecutorParams{command=[networksetup, -listnetworkserviceorder, ]}
[2018-03-13 13:54:02.046][debug][command:null][tid:91][com.facebook.buck.util.ListeningProcessExecutor] Launching process with params ProcessExecutorParams{command=[networksetup, -listnetworkserviceorder, ]}
[2018-03-13 13:54:02.051][debug][command:107f14a0-02c7-4d18-9f54-dc944338e365][tid:73][com.facebook.buck.io.WatchmanTransportClient] Query [query, /Users/guirassy/Desktop/Projects/Projet_Annuel/FlashLove_Android/FlashLove, {since=c:1520945622:21930:1:20, expression=[not, [anyof, [type, d], [dirname, .idea], [dirname, .buckd], [dirname, buck-out/cache], [dirname, buck-out/.trash], [dirname, buck-out], [match, **/*.pbxproj, wholename, {includedotfiles=true}], [match, **/*.xcscheme, wholename, {includedotfiles=true}], [match, **/*.xcworkspacedata, wholename, {includedotfiles=true}], [match, **/*~, wholename, {includedotfiles=true}], [match, **/#*#, wholename, {includedotfiles=true}], [match, **/.#*, wholename, {includedotfiles=true}], [match, **/*.swo, wholename, {includedotfiles=true}], [match, **/*.swp, wholename, {includedotfiles=true}], [match, **/*.swpx, wholename, {includedotfiles=true}], [match, **/*.un~, wholename, {includedotfiles=true}], [match, **/.netrhwist, wholename, {includedotfiles=true}], [match, .idea, wholename, {includedotfiles=true}], [match, .iml, wholename, {includedotfiles=true}], [match, **/*.pydevproject, wholename, {includedotfiles=true}], [match, .project, wholename, {includedotfiles=true}], [match, .metadata, wholename, {includedotfiles=true}], [match, **/*.tmp, wholename, {includedotfiles=true}], [match, **/*.bak, wholename, {includedotfiles=true}], [match, **/*~.nib, wholename, {includedotfiles=true}], [match, .classpath, wholename, {includedotfiles=true}], [match, .settings, wholename, {includedotfiles=true}], [match, .loadpath, wholename, {includedotfiles=true}], [match, .externalToolBuilders, wholename, {includedotfiles=true}], [match, .cproject, wholename, {includedotfiles=true}], [match, .buildpath, wholename, {includedotfiles=true}], [match, .DS_Store, wholename, {includedotfiles=true}], [match, .AppleDouble, wholename, {includedotfiles=true}], [match, .LSOverride, wholename, {includedotfiles=true}], [match, .Spotlight-V100, wholename, {includedotfiles=true}], [match, .Trashes, wholename, {includedotfiles=true}], [match, $RECYCLE.BIN, wholename, {includedotfiles=true}], [match, .*.sublime-workspace, wholename, {includedotfiles=true}]]], empty_on_fresh_instance=true, fields=[name, exists, new]}] returned in 12 ms
[2018-03-13 13:54:02.051][debug][command:107f14a0-02c7-4d18-9f54-dc944338e365][tid:73][com.facebook.buck.io.WatchmanWatcher] Updating Watchman Cursor from c:1520945622:21930:1:20 to c:1520945622:21930:1:29
[2018-03-13 13:54:02.051][debug][command:107f14a0-02c7-4d18-9f54-dc944338e365][tid:73][com.facebook.buck.io.WatchmanWatcher] Posted 0 Watchman events.
[2018-03-13 13:54:02.051][debug][command:null][tid:91][com.facebook.buck.util.ListeningProcessExecutor] Successfully launched process com.zaxxer.nuprocess.osx.OsxProcess@681d00ba
[2018-03-13 13:54:02.051][debug][command:null][tid:91][com.facebook.buck.util.ListeningProcessExecutor] Successfully launched process com.zaxxer.nuprocess.osx.OsxProcess@681d00ba
[2018-03-13 13:54:02.053][debug][command:null][tid:91][com.facebook.buck.util.ListeningProcessExecutor] Waiting for process com.facebook.buck.util.ListeningProcessExecutor$LaunchedProcessImpl@6c228961 timeout 1000 MILLISECONDS
[2018-03-13 13:54:02.053][debug][command:null][tid:91][com.facebook.buck.util.ListeningProcessExecutor] Waiting for process com.facebook.buck.util.ListeningProcessExecutor$LaunchedProcessImpl@6c228961 timeout 1000 MILLISECONDS
[2018-03-13 13:54:02.054][info ][command:107f14a0-02c7-4d18-9f54-dc944338e365][tid:92][com.facebook.buck.event.listener.LoggingBuildListener] Build started at 2018-03-13 13:54:02.054
[2018-03-13 13:54:02.097][debug][command:null][tid:91][com.facebook.buck.util.ListeningProcessExecutor] Wait for process returned 0
[2018-03-13 13:54:02.097][debug][command:null][tid:91][com.facebook.buck.util.ListeningProcessExecutor] Wait for process returned 0
[2018-03-13 13:54:02.098][debug][command:null][tid:91][com.facebook.buck.util.ListeningProcessExecutor] Destroying process com.facebook.buck.util.ListeningProcessExecutor$LaunchedProcessImpl@6c228961 (force true)
[2018-03-13 13:54:02.098][debug][command:null][tid:91][com.facebook.buck.util.ListeningProcessExecutor] Destroying process com.facebook.buck.util.ListeningProcessExecutor$LaunchedProcessImpl@6c228961 (force true)
[2018-03-13 13:54:02.098][debug][command:null][tid:91][com.facebook.buck.util.environment.MacNetworkConfiguration] Determine active state of media for device
[2018-03-13 13:54:02.098][debug][command:null][tid:91][com.facebook.buck.util.environment.MacNetworkConfiguration] Determine active state of media for device
[2018-03-13 13:54:02.099][debug][command:null][tid:91][com.facebook.buck.util.ListeningProcessExecutor] Launching process with params ProcessExecutorParams{command=[networksetup, -getMedia, wchusbserial1410]}
[2018-03-13 13:54:02.099][debug][command:null][tid:91][com.facebook.buck.util.ListeningProcessExecutor] Launching process with params ProcessExecutorParams{command=[networksetup, -getMedia, wchusbserial1410]}
[2018-03-13 13:54:02.101][debug][command:null][tid:91][com.facebook.buck.util.ListeningProcessExecutor] Successfully launched process com.zaxxer.nuprocess.osx.OsxProcess@29200a81
[2018-03-13 13:54:02.101][debug][command:null][tid:91][com.facebook.buck.util.ListeningProcessExecutor] Successfully launched process com.zaxxer.nuprocess.osx.OsxProcess@29200a81
[2018-03-13 13:54:02.103][debug][command:null][tid:91][com.facebook.buck.util.ListeningProcessExecutor] Waiting for process com.facebook.buck.util.ListeningProcessExecutor$LaunchedProcessImpl@18dbafde timeout 1000 MILLISECONDS
[2018-03-13 13:54:02.103][debug][command:null][tid:91][com.facebook.buck.util.ListeningProcessExecutor] Waiting for process com.facebook.buck.util.ListeningProcessExecutor$LaunchedProcessImpl@18dbafde timeout 1000 MILLISECONDS
[2018-03-13 13:54:02.114][warn ][command:107f14a0-02c7-4d18-9f54-dc944338e365][tid:73][com.facebook.buck.util.Console] Build failure: No build file at app/BUCK when resolving target //app:app.
[2018-03-13 13:54:02.115][info ][command:107f14a0-02c7-4d18-9f54-dc944338e365][tid:73][com.facebook.buck.cli.Main] Awaiting termination of HTTP Write executor service. Waiting for all jobs to complete, or up to maximum of 1800 seconds...
[2018-03-13 13:54:02.117][info ][command:107f14a0-02c7-4d18-9f54-dc944338e365][tid:92][com.facebook.buck.event.listener.LoggingBuildListener] Build finished at 2018-03-13 13:54:02.115
[2018-03-13 13:54:02.117][info ][command:107f14a0-02c7-4d18-9f54-dc944338e365][tid:73][com.facebook.buck.cli.Main] Awaiting termination of CounterAggregatorExecutor executor service. Waiting for all jobs to complete, or up to maximum of 20 seconds...
[2018-03-13 13:54:02.118][debug][command:107f14a0-02c7-4d18-9f54-dc944338e365][tid:87][com.facebook.buck.util.perf.ProcessTracker] shutDown
[2018-03-13 13:54:02.118][debug][command:null][tid:86][com.google.common.util.concurrent.ServiceManager] Service PerfStatsTracking [TERMINATED] has terminated. Previous state was: STOPPING
[2018-03-13 13:54:02.118][debug][command:null][tid:86][com.google.common.util.concurrent.ServiceManager] Service PerfStatsTracking [TERMINATED] has terminated. Previous state was: STOPPING
[2018-03-13 13:54:02.118][debug][command:107f14a0-02c7-4d18-9f54-dc944338e365][tid:73][com.facebook.buck.event.listener.SuperConsoleEventBusListener] Stopping render scheduler
[2018-03-13 13:54:02.119][debug][command:107f14a0-02c7-4d18-9f54-dc944338e365][tid:73][com.facebook.buck.event.listener.SuperConsoleEventBusListener] Stopping render scheduler
[2018-03-13 13:54:02.119][debug][command:107f14a0-02c7-4d18-9f54-dc944338e365][tid:73][com.facebook.buck.event.listener.SuperConsoleEventBusListener] Stopping console output (stdout dirty false, stderr dirty true).
[2018-03-13 13:54:02.119][info ][command:107f14a0-02c7-4d18-9f54-dc944338e365][tid:73][com.facebook.buck.cli.Main] Awaiting termination of NETWORK executor service. Waiting for all jobs to complete, or up to maximum of 60 seconds...
[2018-03-13 13:54:02.119][info ][command:107f14a0-02c7-4d18-9f54-dc944338e365][tid:73][com.facebook.buck.cli.Main] Awaiting termination of CPU executor service. Waiting for all jobs to complete, or up to maximum of 60 seconds...
[2018-03-13 13:54:02.120][info ][command:107f14a0-02c7-4d18-9f54-dc944338e365][tid:73][com.facebook.buck.cli.Main] Awaiting termination of PROJECT executor service. Waiting for all jobs to complete, or up to maximum of 60 seconds...
[2018-03-13 13:54:02.120][info ][command:107f14a0-02c7-4d18-9f54-dc944338e365][tid:73][com.facebook.buck.cli.Main] Awaiting termination of ScheduledExecutorService executor service. Waiting for all jobs to complete, or up to maximum of 60 seconds...
[2018-03-13 13:54:02.120][info ][command:107f14a0-02c7-4d18-9f54-dc944338e365][tid:73][com.facebook.buck.cli.Main] Awaiting termination of Disk IO executor service. Waiting for all jobs to complete, or up to maximum of 10 seconds...
[2018-03-13 13:54:02.120][warn ][command:null][tid:77][com.martiansoftware.nailgun.NGInputStream] Nailgun client read future was interrupted
java.lang.InterruptedException
	at java.util.concurrent.FutureTask.awaitDone(FutureTask.java:404)
	at java.util.concurrent.FutureTask.get(FutureTask.java:204)
	at com.martiansoftware.nailgun.NGInputStream$1.run(NGInputStream.java:91)
	at java.util.concurrent.Executors$RunnableAdapter.call(Executors.java:511)
	at java.util.concurrent.FutureTask.run(FutureTask.java:266)
	at java.util.concurrent.ThreadPoolExecutor.runWorker(ThreadPoolExecutor.java:1149)
	at java.util.concurrent.ThreadPoolExecutor$Worker.run(ThreadPoolExecutor.java:624)
	at java.lang.Thread.run(Thread.java:748)

[2018-03-13 13:54:02.120][warn ][command:null][tid:77][com.martiansoftware.nailgun.NGInputStream] Nailgun client read future was interrupted
java.lang.InterruptedException
	at java.util.concurrent.FutureTask.awaitDone(FutureTask.java:404)
	at java.util.concurrent.FutureTask.get(FutureTask.java:204)
	at com.martiansoftware.nailgun.NGInputStream$1.run(NGInputStream.java:91)
	at java.util.concurrent.Executors$RunnableAdapter.call(Executors.java:511)
	at java.util.concurrent.FutureTask.run(FutureTask.java:266)
	at java.util.concurrent.ThreadPoolExecutor.runWorker(ThreadPoolExecutor.java:1149)
	at java.util.concurrent.ThreadPoolExecutor$Worker.run(ThreadPoolExecutor.java:624)
	at java.lang.Thread.run(Thread.java:748)

[2018-03-13 13:54:02.121][debug][command:null][tid:77][com.martiansoftware.nailgun.NGInputStream] Nailgun client read shutting down
[2018-03-13 13:54:02.121][debug][command:null][tid:77][com.martiansoftware.nailgun.NGInputStream] Nailgun client read shutting down
[2018-03-13 13:54:02.123][debug][command:107f14a0-02c7-4d18-9f54-dc944338e365][tid:87][com.google.common.util.concurrent.ServiceManager] Service ProcessTracker [TERMINATED] has terminated. Previous state was: STOPPING
[2018-03-13 13:54:02.139][debug][command:null][tid:91][com.facebook.buck.util.ListeningProcessExecutor] Wait for process returned 4
[2018-03-13 13:54:02.139][debug][command:null][tid:91][com.facebook.buck.util.ListeningProcessExecutor] Wait for process returned 4
[2018-03-13 13:54:02.139][debug][command:null][tid:91][com.facebook.buck.util.ListeningProcessExecutor] Destroying process com.facebook.buck.util.ListeningProcessExecutor$LaunchedProcessImpl@18dbafde (force true)
[2018-03-13 13:54:02.139][debug][command:null][tid:91][com.facebook.buck.util.ListeningProcessExecutor] Destroying process com.facebook.buck.util.ListeningProcessExecutor$LaunchedProcessImpl@18dbafde (force true)
[2018-03-13 13:54:02.139][debug][command:null][tid:91][com.facebook.buck.util.environment.MacNetworkConfiguration] Determine active state of media for device
[2018-03-13 13:54:02.139][debug][command:null][tid:91][com.facebook.buck.util.environment.MacNetworkConfiguration] Determine active state of media for device
[2018-03-13 13:54:02.140][debug][command:null][tid:91][com.facebook.buck.util.ListeningProcessExecutor] Launching process with params ProcessExecutorParams{command=[networksetup, -getMedia, en5]}
[2018-03-13 13:54:02.140][debug][command:null][tid:91][com.facebook.buck.util.ListeningProcessExecutor] Launching process with params ProcessExecutorParams{command=[networksetup, -getMedia, en5]}
[2018-03-13 13:54:02.141][debug][command:null][tid:91][com.facebook.buck.util.ListeningProcessExecutor] Successfully launched process com.zaxxer.nuprocess.osx.OsxProcess@184364af
[2018-03-13 13:54:02.141][debug][command:null][tid:91][com.facebook.buck.util.ListeningProcessExecutor] Successfully launched process com.zaxxer.nuprocess.osx.OsxProcess@184364af
[2018-03-13 13:54:02.141][debug][command:null][tid:91][com.facebook.buck.util.ListeningProcessExecutor] Waiting for process com.facebook.buck.util.ListeningProcessExecutor$LaunchedProcessImpl@60529f47 timeout 1000 MILLISECONDS
[2018-03-13 13:54:02.141][debug][command:null][tid:91][com.facebook.buck.util.ListeningProcessExecutor] Waiting for process com.facebook.buck.util.ListeningProcessExecutor$LaunchedProcessImpl@60529f47 timeout 1000 MILLISECONDS
[2018-03-13 13:54:02.175][debug][command:null][tid:91][com.facebook.buck.util.ListeningProcessExecutor] Wait for process returned 4
[2018-03-13 13:54:02.175][debug][command:null][tid:91][com.facebook.buck.util.ListeningProcessExecutor] Wait for process returned 4
[2018-03-13 13:54:02.175][debug][command:null][tid:91][com.facebook.buck.util.ListeningProcessExecutor] Destroying process com.facebook.buck.util.ListeningProcessExecutor$LaunchedProcessImpl@60529f47 (force true)
[2018-03-13 13:54:02.175][debug][command:null][tid:91][com.facebook.buck.util.ListeningProcessExecutor] Destroying process com.facebook.buck.util.ListeningProcessExecutor$LaunchedProcessImpl@60529f47 (force true)
[2018-03-13 13:54:02.175][debug][command:null][tid:91][com.facebook.buck.util.environment.MacNetworkConfiguration] Determine active state of media for device
[2018-03-13 13:54:02.175][debug][command:null][tid:91][com.facebook.buck.util.environment.MacNetworkConfiguration] Determine active state of media for device
[2018-03-13 13:54:02.176][debug][command:null][tid:91][com.facebook.buck.util.ListeningProcessExecutor] Launching process with params ProcessExecutorParams{command=[networksetup, -getMedia, en0]}
[2018-03-13 13:54:02.176][debug][command:null][tid:91][com.facebook.buck.util.ListeningProcessExecutor] Launching process with params ProcessExecutorParams{command=[networksetup, -getMedia, en0]}
[2018-03-13 13:54:02.177][debug][command:null][tid:91][com.facebook.buck.util.ListeningProcessExecutor] Successfully launched process com.zaxxer.nuprocess.osx.OsxProcess@490ff5ce
[2018-03-13 13:54:02.177][debug][command:null][tid:91][com.facebook.buck.util.ListeningProcessExecutor] Successfully launched process com.zaxxer.nuprocess.osx.OsxProcess@490ff5ce
[2018-03-13 13:54:02.177][debug][command:null][tid:91][com.facebook.buck.util.ListeningProcessExecutor] Waiting for process com.facebook.buck.util.ListeningProcessExecutor$LaunchedProcessImpl@c6f166e timeout 1000 MILLISECONDS
[2018-03-13 13:54:02.177][debug][command:null][tid:91][com.facebook.buck.util.ListeningProcessExecutor] Waiting for process com.facebook.buck.util.ListeningProcessExecutor$LaunchedProcessImpl@c6f166e timeout 1000 MILLISECONDS
[2018-03-13 13:54:02.212][debug][command:null][tid:91][com.facebook.buck.util.ListeningProcessExecutor] Wait for process returned 0
[2018-03-13 13:54:02.212][debug][command:null][tid:91][com.facebook.buck.util.ListeningProcessExecutor] Wait for process returned 0
[2018-03-13 13:54:02.212][debug][command:null][tid:91][com.facebook.buck.util.ListeningProcessExecutor] Destroying process com.facebook.buck.util.ListeningProcessExecutor$LaunchedProcessImpl@c6f166e (force true)
[2018-03-13 13:54:02.212][debug][command:null][tid:91][com.facebook.buck.util.ListeningProcessExecutor] Destroying process com.facebook.buck.util.ListeningProcessExecutor$LaunchedProcessImpl@c6f166e (force true)
[2018-03-13 13:54:02.212][debug][command:null][tid:91][com.facebook.buck.util.environment.MacNetworkConfiguration] Determine WiFi SSID of device
[2018-03-13 13:54:02.212][debug][command:null][tid:91][com.facebook.buck.util.environment.MacNetworkConfiguration] Determine WiFi SSID of device
[2018-03-13 13:54:02.213][debug][command:null][tid:91][com.facebook.buck.util.ListeningProcessExecutor] Launching process with params ProcessExecutorParams{command=[networksetup, -getairportnetwork, en0]}
[2018-03-13 13:54:02.213][debug][command:null][tid:91][com.facebook.buck.util.ListeningProcessExecutor] Launching process with params ProcessExecutorParams{command=[networksetup, -getairportnetwork, en0]}
[2018-03-13 13:54:02.214][debug][command:null][tid:91][com.facebook.buck.util.ListeningProcessExecutor] Successfully launched process com.zaxxer.nuprocess.osx.OsxProcess@f8a6d50
[2018-03-13 13:54:02.214][debug][command:null][tid:91][com.facebook.buck.util.ListeningProcessExecutor] Successfully launched process com.zaxxer.nuprocess.osx.OsxProcess@f8a6d50
[2018-03-13 13:54:02.214][debug][command:null][tid:91][com.facebook.buck.util.ListeningProcessExecutor] Waiting for process com.facebook.buck.util.ListeningProcessExecutor$LaunchedProcessImpl@7b567341 timeout 1000 MILLISECONDS
[2018-03-13 13:54:02.214][debug][command:null][tid:91][com.facebook.buck.util.ListeningProcessExecutor] Waiting for process com.facebook.buck.util.ListeningProcessExecutor$LaunchedProcessImpl@7b567341 timeout 1000 MILLISECONDS
[2018-03-13 13:54:02.251][debug][command:null][tid:91][com.facebook.buck.util.ListeningProcessExecutor] Wait for process returned 0
[2018-03-13 13:54:02.251][debug][command:null][tid:91][com.facebook.buck.util.ListeningProcessExecutor] Wait for process returned 0
[2018-03-13 13:54:02.252][debug][command:null][tid:91][com.facebook.buck.util.ListeningProcessExecutor] Destroying process com.facebook.buck.util.ListeningProcessExecutor$LaunchedProcessImpl@7b567341 (force true)
[2018-03-13 13:54:02.252][debug][command:null][tid:91][com.facebook.buck.util.ListeningProcessExecutor] Destroying process com.facebook.buck.util.ListeningProcessExecutor$LaunchedProcessImpl@7b567341 (force true)
[2018-03-13 13:54:02.252][info ][command:null][tid:91][com.facebook.buck.util.versioncontrol.VersionControlStatsGenerator] Starting generation of version control stats.
[2018-03-13 13:54:02.252][info ][command:null][tid:91][com.facebook.buck.util.versioncontrol.VersionControlStatsGenerator] Starting generation of version control stats.
[2018-03-13 13:54:02.252][warn ][command:null][tid:91][com.facebook.buck.util.versioncontrol.VersionControlStatsGenerator] Skipping generation of version control stats as unsupported repository type.
[2018-03-13 13:54:02.252][warn ][command:null][tid:91][com.facebook.buck.util.versioncontrol.VersionControlStatsGenerator] Skipping generation of version control stats as unsupported repository type.
[2018-03-13 13:54:02.253][debug][command:107f14a0-02c7-4d18-9f54-dc944338e365][tid:73][com.facebook.buck.event.listener.SuperConsoleEventBusListener] Stopping render scheduler
[2018-03-13 13:54:02.253][debug][command:107f14a0-02c7-4d18-9f54-dc944338e365][tid:73][com.facebook.buck.event.listener.SuperConsoleEventBusListener] Stopping render scheduler
[2018-03-13 13:54:02.253][debug][command:107f14a0-02c7-4d18-9f54-dc944338e365][tid:73][com.facebook.buck.event.listener.SuperConsoleEventBusListener] Stopping console output (stdout dirty false, stderr dirty true).
[2018-03-13 13:54:02.253][debug][command:107f14a0-02c7-4d18-9f54-dc944338e365][tid:73][com.facebook.buck.event.listener.ChromeTraceBuildListener] Writing Chrome trace to buck-out/log/2018-03-13_12h54m02s_buildcommand_107f14a0-02c7-4d18-9f54-dc944338e365/build.2018-03-13.13-54-02.107f14a0-02c7-4d18-9f54-dc944338e365.trace
[2018-03-13 13:54:02.263][debug][command:107f14a0-02c7-4d18-9f54-dc944338e365][tid:73][com.facebook.buck.io.WatchmanTransportClient] Closing Watchman transport.
[2018-03-13 13:54:02.265][debug][command:null][tid:73][com.facebook.buck.cli.Main] Done.
