[2018-03-13 13:53:40.304][debug][command:null][tid:01][com.sun.jna.Platform] null
java.io.FileNotFoundException: /proc/self/exe (No such file or directory)
	at java.io.RandomAccessFile.open0(Native Method)
	at java.io.RandomAccessFile.open(RandomAccessFile.java:316)
	at java.io.RandomAccessFile.<init>(RandomAccessFile.java:243)
	at java.io.RandomAccessFile.<init>(RandomAccessFile.java:124)
	at com.sun.jna.ELFAnalyser.runDetection(ELFAnalyser.java:109)
	at com.sun.jna.ELFAnalyser.analyse(ELFAnalyser.java:36)
	at com.sun.jna.Platform.isSoftFloat(Platform.java:259)
	at com.sun.jna.Platform.<clinit>(Platform.java:133)
	at com.sun.jna.Native.loadNativeDispatchLibraryFromClasspath(Native.java:936)
	at com.sun.jna.Native.loadNativeDispatchLibrary(Native.java:922)
	at com.sun.jna.Native.<clinit>(Native.java:190)
	at com.sun.jna.Pointer.<clinit>(Pointer.java:54)
	at com.facebook.buck.cli.Main.<clinit>(Main.java:224)
	at com.facebook.buck.cli.Main$DaemonBootstrap.main(Main.java:1735)
	at sun.reflect.NativeMethodAccessorImpl.invoke0(Native Method)
	at sun.reflect.NativeMethodAccessorImpl.invoke(NativeMethodAccessorImpl.java:62)
	at sun.reflect.DelegatingMethodAccessorImpl.invoke(DelegatingMethodAccessorImpl.java:43)
	at java.lang.reflect.Method.invoke(Method.java:498)
	at com.facebook.buck.cli.bootstrapper.ClassLoaderBootstrapper.main(ClassLoaderBootstrapper.java:55)

[2018-03-13 13:53:40.489][debug][command:null][tid:01][com.sun.jna.Platform] null
java.io.FileNotFoundException: /proc/self/exe (No such file or directory)
	at java.io.RandomAccessFile.open0(Native Method)
	at java.io.RandomAccessFile.open(RandomAccessFile.java:316)
	at java.io.RandomAccessFile.<init>(RandomAccessFile.java:243)
	at java.io.RandomAccessFile.<init>(RandomAccessFile.java:124)
	at com.sun.jna.ELFAnalyser.runDetection(ELFAnalyser.java:109)
	at com.sun.jna.ELFAnalyser.analyse(ELFAnalyser.java:36)
	at com.sun.jna.Platform.isSoftFloat(Platform.java:259)
	at com.sun.jna.Platform.getNativeLibraryResourcePrefix(Platform.java:287)
	at com.sun.jna.Platform.getNativeLibraryResourcePrefix(Platform.java:276)
	at com.sun.jna.Platform.<clinit>(Platform.java:134)
	at com.sun.jna.Native.loadNativeDispatchLibraryFromClasspath(Native.java:936)
	at com.sun.jna.Native.loadNativeDispatchLibrary(Native.java:922)
	at com.sun.jna.Native.<clinit>(Native.java:190)
	at com.sun.jna.Pointer.<clinit>(Pointer.java:54)
	at com.facebook.buck.cli.Main.<clinit>(Main.java:224)
	at com.facebook.buck.cli.Main$DaemonBootstrap.main(Main.java:1735)
	at sun.reflect.NativeMethodAccessorImpl.invoke0(Native Method)
	at sun.reflect.NativeMethodAccessorImpl.invoke(NativeMethodAccessorImpl.java:62)
	at sun.reflect.DelegatingMethodAccessorImpl.invoke(DelegatingMethodAccessorImpl.java:43)
	at java.lang.reflect.Method.invoke(Method.java:498)
	at com.facebook.buck.cli.bootstrapper.ClassLoaderBootstrapper.main(ClassLoaderBootstrapper.java:55)

[2018-03-13 13:53:40.604][info ][command:null][tid:01][com.facebook.buck.cli.HangMonitor] HangMonitorAutoStart
[2018-03-13 13:53:40.759][debug][command:null][tid:01][com.google.common.util.concurrent.ServiceManager] Starting HangMonitor [RUNNING].
[2018-03-13 13:53:40.760][debug][command:null][tid:01][com.google.common.util.concurrent.ServiceManager] Started HangMonitor [RUNNING] in 20.39 ms.
[2018-03-13 13:53:40.808][info ][command:null][tid:01][com.facebook.buck.cli.Main] enabling background process killing for buckd
[2018-03-13 13:53:40.815][info ][command:null][tid:01][com.facebook.buck.cli.Main] enabled background process killing for buckd
[2018-03-13 13:53:40.817][info ][command:null][tid:01][com.facebook.buck.cli.Main] initialized bg session killer
[2018-03-13 13:53:40.893][debug][command:null][tid:14][com.martiansoftware.nailgun.NGSession] Waiting for first client to connect
[2018-03-13 13:53:40.903][debug][command:null][tid:14][com.martiansoftware.nailgun.NGSession] Client connected
[2018-03-13 13:53:40.903][debug][command:null][tid:15][com.martiansoftware.nailgun.NGSession] Waiting for first client to connect
[2018-03-13 13:53:40.911][debug][command:null][tid:14][com.martiansoftware.nailgun.NGSession] Tearing down client socket
[2018-03-13 13:53:40.911][debug][command:null][tid:14][com.martiansoftware.nailgun.NGSession] Flushing client socket
[2018-03-13 13:53:40.911][warn ][command:null][tid:16][com.martiansoftware.nailgun.NGInputStream] Nailgun client read future was interrupted
java.lang.InterruptedException
	at java.util.concurrent.FutureTask.awaitDone(FutureTask.java:404)
	at java.util.concurrent.FutureTask.get(FutureTask.java:204)
	at com.martiansoftware.nailgun.NGInputStream$1.run(NGInputStream.java:91)
	at java.util.concurrent.Executors$RunnableAdapter.call(Executors.java:511)
	at java.util.concurrent.FutureTask.run(FutureTask.java:266)
	at java.util.concurrent.ThreadPoolExecutor.runWorker(ThreadPoolExecutor.java:1149)
	at java.util.concurrent.ThreadPoolExecutor$Worker.run(ThreadPoolExecutor.java:624)
	at java.lang.Thread.run(Thread.java:748)

[2018-03-13 13:53:40.912][debug][command:null][tid:16][com.martiansoftware.nailgun.NGInputStream] Nailgun client read shutting down
[2018-03-13 13:53:40.912][debug][command:null][tid:14][com.martiansoftware.nailgun.NGSession] Error shutting down socket I/O (this is expected if the client disconnected already)
java.io.IOException: com.sun.jna.LastErrorException: [57] Socket is not connected
	at com.martiansoftware.nailgun.NGUnixDomainSocket.doShutdown(NGUnixDomainSocket.java:74)
	at com.martiansoftware.nailgun.NGUnixDomainSocket.shutdownInput(NGUnixDomainSocket.java:60)
	at com.martiansoftware.nailgun.NGSession.run(NGSession.java:375)
Caused by: com.sun.jna.LastErrorException: [57] Socket is not connected
	at com.martiansoftware.nailgun.NGUnixDomainSocketLibrary.shutdown(Native Method)
	at com.martiansoftware.nailgun.NGUnixDomainSocket.doShutdown(NGUnixDomainSocket.java:71)
	... 2 more

[2018-03-13 13:53:40.912][debug][command:null][tid:14][com.martiansoftware.nailgun.NGSession] Closing client socket
[2018-03-13 13:53:40.912][debug][command:null][tid:14][com.martiansoftware.nailgun.NGSession] Finished tearing down client socket
[2018-03-13 13:53:40.912][debug][command:null][tid:14][com.martiansoftware.nailgun.NGSession] Waiting for next client to connect
[2018-03-13 13:53:40.912][info ][command:null][tid:14][com.martiansoftware.nailgun.NGSession] NGSession shutting down
[2018-03-13 13:53:40.914][debug][command:null][tid:15][com.martiansoftware.nailgun.NGSession] Client connected
[2018-03-13 13:53:40.914][debug][command:null][tid:18][com.martiansoftware.nailgun.NGSession] Waiting for first client to connect
[2018-03-13 13:53:41.172][debug][command:null][tid:15][com.facebook.buck.cli.Main] Rotating log.
[2018-03-13 13:53:41.178][debug][command:null][tid:15][com.facebook.buck.cli.Main] Starting up (build date 2017-11-17 01:34:27 +0100, rev v2017.11.16.01), args: [build, tool]
[2018-03-13 13:53:41.180][debug][command:null][tid:15][com.facebook.buck.cli.Main] System properties: {java.vendor=Oracle Corporation, sun.java.launcher=SUN_STANDARD, sun.management.compiler=HotSpot 64-Bit Tiered Compilers, jnidispatch.path=/Users/guirassy/Desktop/Projects/Projet_Annuel/FlashLove_Android/FlashLove/.buckd/tmp/buck_run.fIY_IG/jna--1301067473/jna4717412190864967782.tmp, os.name=Mac OS X, buck.enable_objc=true, sun.boot.class.path=/Library/Java/JavaVirtualMachines/jdk1.8.0_144.jdk/Contents/Home/jre/lib/resources.jar:/Library/Java/JavaVirtualMachines/jdk1.8.0_144.jdk/Contents/Home/jre/lib/rt.jar:/Library/Java/JavaVirtualMachines/jdk1.8.0_144.jdk/Contents/Home/jre/lib/sunrsasign.jar:/Library/Java/JavaVirtualMachines/jdk1.8.0_144.jdk/Contents/Home/jre/lib/jsse.jar:/Library/Java/JavaVirtualMachines/jdk1.8.0_144.jdk/Contents/Home/jre/lib/jce.jar:/Library/Java/JavaVirtualMachines/jdk1.8.0_144.jdk/Contents/Home/jre/lib/charsets.jar:/Library/Java/JavaVirtualMachines/jdk1.8.0_144.jdk/Contents/Home/jre/lib/jfr.jar:/Library/Java/JavaVirtualMachines/jdk1.8.0_144.jdk/Contents/Home/jre/classes, pf4j.pluginsDir=/Users/guirassy/Desktop/Projects/Projet_Annuel/FlashLove_Android/FlashLove/.buckd/resources/v2017.11.16.01/buck-modules, buck.resource_lock_path=/Users/guirassy/Desktop/Projects/Projet_Annuel/FlashLove_Android/FlashLove/.buckd/resources/v2017.11.16.01/.buck_lock, java.vm.specification.vendor=Oracle Corporation, java.runtime.version=1.8.0_144-b01, jna.loaded=true, buck.testrunner_classes=/Users/guirassy/Desktop/Projects/Projet_Annuel/FlashLove_Android/FlashLove/.buckd/resources/v2017.11.16.01/testrunner_classes, buck.logging_config_file=/Users/guirassy/Desktop/Projects/Projet_Annuel/FlashLove_Android/FlashLove/.buckd/resources/v2017.11.16.01/logging_config_file, buck.path_to_sh_binary_template=/Users/guirassy/Desktop/Projects/Projet_Annuel/FlashLove_Android/FlashLove/.buckd/resources/v2017.11.16.01/path_to_sh_binary_template, user.name=guirassy, buck.path_to_pywatchman=/Users/guirassy/Desktop/Projects/Projet_Annuel/FlashLove_Android/FlashLove/.buckd/resources/v2017.11.16.01/path_to_pywatchman, buck.report_generator_jar=/Users/guirassy/Desktop/Projects/Projet_Annuel/FlashLove_Android/FlashLove/.buckd/resources/v2017.11.16.01/report_generator_jar, buck.git_commit=v2017.11.16.01, user.language=fr, sun.boot.library.path=/Library/Java/JavaVirtualMachines/jdk1.8.0_144.jdk/Contents/Home/jre/lib, java.version=1.8.0_144, user.timezone=Europe/Paris, buck.test_util_no_tests_dir=true, sun.arch.data.model=64, java.endorsed.dirs=/Library/Java/JavaVirtualMachines/jdk1.8.0_144.jdk/Contents/Home/jre/lib/endorsed, sun.cpu.isalist=, sun.jnu.encoding=UTF-8, file.encoding.pkg=sun.io, file.separator=/, java.specification.name=Java Platform API Specification, buck.jacoco_agent_jar=/Users/guirassy/Desktop/Projects/Projet_Annuel/FlashLove_Android/FlashLove/.buckd/resources/v2017.11.16.01/jacoco_agent_jar, java.class.version=52.0, user.country=FR, buck.binary_hash=63c9781095d8ee3e98baa3f5efe2d99c, java.home=/Library/Java/JavaVirtualMachines/jdk1.8.0_144.jdk/Contents/Home/jre, buck.fix_script=/Users/guirassy/Desktop/Projects/Projet_Annuel/FlashLove_Android/FlashLove/.buckd/resources/v2017.11.16.01/fix_script, java.vm.info=mixed mode, os.version=10.13.2, buck.external_executor_jar=/Users/guirassy/Desktop/Projects/Projet_Annuel/FlashLove_Android/FlashLove/.buckd/resources/v2017.11.16.01/external_executor_jar, buck.version_uid=v2017.11.16.01, org.eclipse.jetty.util.log.class=org.eclipse.jetty.util.log.JavaUtilLog, path.separator=:, java.vm.version=25.144-b01, java.awt.printerjob=sun.lwawt.macosx.CPrinterJob, sun.io.unicode.encoding=UnicodeBig, awt.toolkit=sun.lwawt.macosx.LWCToolkit, buck.buck_build_type_info=/Users/guirassy/Desktop/Projects/Projet_Annuel/FlashLove_Android/FlashLove/.buckd/resources/v2017.11.16.01/buck_build_type_info, buck.dx=/Users/guirassy/Desktop/Projects/Projet_Annuel/FlashLove_Android/FlashLove/.buckd/resources/v2017.11.16.01/dx, buck.git_commit_timestamp=1510878867, user.home=/Users/guirassy, java.specification.vendor=Oracle Corporation, buck.git_dirty=0, java.library.path=/Users/guirassy/Desktop/Projects/Projet_Annuel/FlashLove_Android/FlashLove/.buckd/resources/v2017.11.16.01, java.vendor.url=http://java.oracle.com/, java.vm.vendor=Oracle Corporation, gopherProxySet=false, java.runtime.name=Java(TM) SE Runtime Environment, sun.java.command=com.facebook.buck.cli.bootstrapper.ClassLoaderBootstrapper com.facebook.buck.cli.Main$DaemonBootstrap local:.buckd/sock 120000, java.class.path=/Users/guirassy/Desktop/Projects/Projet_Annuel/FlashLove_Android/FlashLove/.buckd/resources/v2017.11.16.01/bootstrapper_jar, buck.buckd_dir=/Users/guirassy/Desktop/Projects/Projet_Annuel/FlashLove_Android/FlashLove/.buckd, buck.path_to_pathlib_py=/Users/guirassy/Desktop/Projects/Projet_Annuel/FlashLove_Android/FlashLove/.buckd/resources/v2017.11.16.01/pathlib.py, buck.buckd_launch_time_nanos=37219207706518, java.vm.specification.name=Java Virtual Machine Specification, com.martiansoftware.nailgun.NGServer.outputPath=/Users/guirassy/Desktop/Projects/Projet_Annuel/FlashLove_Android/FlashLove/.buckd/tmp/buck_run.fIY_IG/ngserver-out, java.vm.specification.version=1.8, sun.cpu.endian=little, buck.path_to_rawmanifest_py=/Users/guirassy/Desktop/Projects/Projet_Annuel/FlashLove_Android/FlashLove/.buckd/resources/v2017.11.16.01/rawmanifest.py, sun.os.patch.level=unknown, java.awt.headless=true, java.io.tmpdir=/Users/guirassy/Desktop/Projects/Projet_Annuel/FlashLove_Android/FlashLove/.buckd/tmp/buck_run.fIY_IG, buck.android_agent_path=/Users/guirassy/Desktop/Projects/Projet_Annuel/FlashLove_Android/FlashLove/.buckd/resources/v2017.11.16.01/android_agent_path, java.vendor.url.bug=http://bugreport.sun.com/bugreport/, buck.path_to_python_dsl=, jna.platform.library.path=/usr/lib:/usr/lib, os.arch=x86_64, java.awt.graphicsenv=sun.awt.CGraphicsEnvironment, buck.path_to_pex=/Users/guirassy/Desktop/Projects/Projet_Annuel/FlashLove_Android/FlashLove/.buckd/resources/v2017.11.16.01/path_to_pex, java.ext.dirs=/Users/guirassy/Library/Java/Extensions:/Library/Java/JavaVirtualMachines/jdk1.8.0_144.jdk/Contents/Home/jre/lib/ext:/Library/Java/Extensions:/Network/Library/Java/Extensions:/System/Library/Java/Extensions:/usr/lib/java, java.util.logging.config.class=com.facebook.buck.cli.bootstrapper.LogConfig, user.dir=/Users/guirassy/Desktop/Projects/Projet_Annuel/FlashLove_Android/FlashLove, line.separator=
, java.vm.name=Java HotSpot(TM) 64-Bit Server VM, buck.path_to_typing=/Users/guirassy/Desktop/Projects/Projet_Annuel/FlashLove_Android/FlashLove/.buckd/resources/v2017.11.16.01/path_to_typing, buck.native_exopackage_fake_path=/Users/guirassy/Desktop/Projects/Projet_Annuel/FlashLove_Android/FlashLove/.buckd/resources/v2017.11.16.01/native_exopackage_fake_path, file.encoding=UTF-8, java.specification.version=1.8}
[2018-03-13 13:53:41.244][info ][command:null][tid:15][org.pf4j.DefaultPluginStatusProvider] Enabled plugins: []
[2018-03-13 13:53:41.245][info ][command:null][tid:15][org.pf4j.DefaultPluginStatusProvider] Disabled plugins: []
[2018-03-13 13:53:41.251][info ][command:null][tid:15][org.pf4j.DefaultPluginManager] PF4J version 0.0.0 in 'deployment' mode
[2018-03-13 13:53:41.251][debug][command:null][tid:15][org.pf4j.AbstractPluginManager] Lookup plugins in '/Users/guirassy/Desktop/Projects/Projet_Annuel/FlashLove_Android/FlashLove/.buckd/resources/v2017.11.16.01/buck-modules'
[2018-03-13 13:53:41.253][debug][command:null][tid:15][org.pf4j.AbstractPluginManager] Found 1 possible plugins: [/Users/guirassy/Desktop/Projects/Projet_Annuel/FlashLove_Android/FlashLove/.buckd/resources/v2017.11.16.01/buck-modules/ziprules.jar]
[2018-03-13 13:53:41.253][debug][command:null][tid:15][org.pf4j.AbstractPluginManager] Use 'org.pf4j.CompoundPluginDescriptorFinder@2a99c85a' to find plugins descriptors
[2018-03-13 13:53:41.254][debug][command:null][tid:15][org.pf4j.AbstractPluginManager] Finding plugin descriptor for plugin '/Users/guirassy/Desktop/Projects/Projet_Annuel/FlashLove_Android/FlashLove/.buckd/resources/v2017.11.16.01/buck-modules/ziprules.jar'
[2018-03-13 13:53:41.254][debug][command:null][tid:15][org.pf4j.CompoundPluginDescriptorFinder] 'org.pf4j.ManifestPluginDescriptorFinder@6634c36' is applicable for plugin '/Users/guirassy/Desktop/Projects/Projet_Annuel/FlashLove_Android/FlashLove/.buckd/resources/v2017.11.16.01/buck-modules/ziprules.jar'
[2018-03-13 13:53:41.257][debug][command:null][tid:15][org.pf4j.AbstractPluginManager] Found descriptor PluginDescriptor [pluginId=com.facebook.buck.zip.ziprules, pluginClass=com.facebook.buck.zip.rules.ZipRulesModuleAdapterPlugin, version=0.0.1, provider=null, dependencies=[], description=, requires=*, license=null]
[2018-03-13 13:53:41.257][debug][command:null][tid:15][org.pf4j.AbstractPluginManager] Class 'com.facebook.buck.zip.rules.ZipRulesModuleAdapterPlugin' for plugin '/Users/guirassy/Desktop/Projects/Projet_Annuel/FlashLove_Android/FlashLove/.buckd/resources/v2017.11.16.01/buck-modules/ziprules.jar'
[2018-03-13 13:53:41.257][debug][command:null][tid:15][org.pf4j.AbstractPluginManager] Loading plugin '/Users/guirassy/Desktop/Projects/Projet_Annuel/FlashLove_Android/FlashLove/.buckd/resources/v2017.11.16.01/buck-modules/ziprules.jar'
[2018-03-13 13:53:41.258][debug][command:null][tid:15][org.pf4j.PluginClassLoader] Add 'file:/Users/guirassy/Desktop/Projects/Projet_Annuel/FlashLove_Android/FlashLove/.buckd/resources/v2017.11.16.01/buck-modules/ziprules.jar'
[2018-03-13 13:53:41.258][debug][command:null][tid:15][org.pf4j.AbstractPluginManager] Loaded plugin '/Users/guirassy/Desktop/Projects/Projet_Annuel/FlashLove_Android/FlashLove/.buckd/resources/v2017.11.16.01/buck-modules/ziprules.jar' with class loader 'org.pf4j.PluginClassLoader@2ed62401'
[2018-03-13 13:53:41.258][debug][command:null][tid:15][org.pf4j.AbstractPluginManager] Creating wrapper for plugin '/Users/guirassy/Desktop/Projects/Projet_Annuel/FlashLove_Android/FlashLove/.buckd/resources/v2017.11.16.01/buck-modules/ziprules.jar'
[2018-03-13 13:53:41.261][debug][command:null][tid:15][org.pf4j.AbstractPluginManager] Created wrapper 'PluginWrapper [descriptor=PluginDescriptor [pluginId=com.facebook.buck.zip.ziprules, pluginClass=com.facebook.buck.zip.rules.ZipRulesModuleAdapterPlugin, version=0.0.1, provider=null, dependencies=[], description=, requires=*, license=null], pluginPath=/Users/guirassy/Desktop/Projects/Projet_Annuel/FlashLove_Android/FlashLove/.buckd/resources/v2017.11.16.01/buck-modules/ziprules.jar]' for plugin '/Users/guirassy/Desktop/Projects/Projet_Annuel/FlashLove_Android/FlashLove/.buckd/resources/v2017.11.16.01/buck-modules/ziprules.jar'
[2018-03-13 13:53:41.262][debug][command:null][tid:15][org.pf4j.DependencyResolver] Graph: 
   com.facebook.buck.zip.ziprules -> []
[2018-03-13 13:53:41.263][debug][command:null][tid:15][org.pf4j.DependencyResolver] Plugins order: [com.facebook.buck.zip.ziprules]
[2018-03-13 13:53:41.264][info ][command:null][tid:15][org.pf4j.AbstractPluginManager] Plugin 'com.facebook.buck.zip.ziprules@0.0.1' resolved
[2018-03-13 13:53:41.264][info ][command:null][tid:15][org.pf4j.AbstractPluginManager] Start plugin 'com.facebook.buck.zip.ziprules@0.0.1'
[2018-03-13 13:53:41.264][debug][command:null][tid:15][org.pf4j.DefaultExtensionFactory] Create instance for plugin 'com.facebook.buck.zip.rules.ZipRulesModuleAdapterPlugin'
[2018-03-13 13:53:41.272][debug][command:null][tid:15][com.facebook.buck.util.config.Configs] Loading configuration for /Users/guirassy/Desktop/Projects/Projet_Annuel/FlashLove_Android/FlashLove
[2018-03-13 13:53:41.331][debug][command:null][tid:15][com.facebook.buck.util.config.Configs] Loaded a configuration file /Users/guirassy/Desktop/Projects/Projet_Annuel/FlashLove_Android/FlashLove/.buckconfig: {}
[2018-03-13 13:53:41.333][debug][command:null][tid:15][com.facebook.buck.util.config.Configs] Adding configuration overrides RawConfig{values={}}
[2018-03-13 13:53:41.425][debug][command:null][tid:15][com.facebook.buck.util.config.Configs] Loading configuration for /Users/guirassy/Desktop/Projects/Projet_Annuel/FlashLove_Android/FlashLove
[2018-03-13 13:53:41.426][debug][command:null][tid:15][com.facebook.buck.util.config.Configs] Loaded a configuration file /Users/guirassy/Desktop/Projects/Projet_Annuel/FlashLove_Android/FlashLove/.buckconfig: {}
[2018-03-13 13:53:41.426][debug][command:null][tid:15][com.facebook.buck.util.config.Configs] Adding configuration overrides RawConfig{values={}}
[2018-03-13 13:53:41.702][debug][command:null][tid:15][com.facebook.buck.apple.AppleToolchainDiscovery] Searching for Xcode toolchains under /Applications/Xcode.app/Contents/Developer/Toolchains
[2018-03-13 13:53:41.702][debug][command:null][tid:15][com.facebook.buck.apple.AppleToolchainDiscovery] Searching for Xcode toolchains in /Applications/Xcode.app/Contents/Developer/Toolchains
[2018-03-13 13:53:41.705][debug][command:null][tid:15][com.facebook.buck.apple.AppleToolchainDiscovery] Getting identifier for for Xcode toolchain under /Applications/Xcode.app/Contents/Developer/Toolchains/XcodeDefault.xctoolchain
[2018-03-13 13:53:41.724][debug][command:null][tid:15][com.facebook.buck.apple.AppleToolchainDiscovery] Mapped SDK identifier com.apple.dt.toolchain.XcodeDefault to path /Applications/Xcode.app/Contents/Developer/Toolchains/XcodeDefault.xctoolchain
[2018-03-13 13:53:41.736][debug][command:null][tid:15][com.facebook.buck.apple.AppleSdkDiscovery] Searching for Xcode platforms under /Applications/Xcode.app/Contents/Developer/Platforms
[2018-03-13 13:53:41.740][debug][command:null][tid:15][com.facebook.buck.apple.AppleSdkDiscovery] Searching for Xcode SDKs in /Applications/Xcode.app/Contents/Developer/Platforms
[2018-03-13 13:53:41.741][debug][command:null][tid:15][com.facebook.buck.apple.AppleSdkDiscovery] Fetching SDK name for /Applications/Xcode.app/Contents/Developer/Platforms/AppleTVOS.platform/Developer/SDKs/AppleTVOS11.2.sdk
[2018-03-13 13:53:41.751][debug][command:null][tid:15][com.facebook.buck.apple.AppleSdkDiscovery] Found SDK AppleSdk{name=appletvos11.2, version=11.2, applePlatform=ApplePlatform{name=appletvos, provisioningProfileName=tvOS, architectures=[arm64], minVersionFlagPrefix=-mtvos-version-min=, appIncludesFrameworks=false}, architectures=[arm64], toolchains=[AppleToolchain{identifier=com.apple.dt.toolchain.XcodeDefault, path=/Applications/Xcode.app/Contents/Developer/Toolchains/XcodeDefault.xctoolchain}]}
[2018-03-13 13:53:41.756][debug][command:null][tid:15][com.facebook.buck.apple.AppleSdkDiscovery] Fetching SDK name for /Applications/Xcode.app/Contents/Developer/Platforms/AppleTVOS.platform/Developer/SDKs/AppleTVOS.sdk
[2018-03-13 13:53:41.756][debug][command:null][tid:15][com.facebook.buck.apple.AppleSdkDiscovery] Skipping already scanned SDK directory /Applications/Xcode.app/Contents/Developer/Platforms/AppleTVOS.platform/Developer/SDKs/AppleTVOS.sdk
[2018-03-13 13:53:41.756][debug][command:null][tid:15][com.facebook.buck.apple.AppleSdkDiscovery] Fetching SDK name for /Applications/Xcode.app/Contents/Developer/Platforms/iPhoneOS.platform/Developer/SDKs/iPhoneOS.sdk
[2018-03-13 13:53:41.758][debug][command:null][tid:15][com.facebook.buck.apple.AppleSdkDiscovery] Found SDK AppleSdk{name=iphoneos11.2, version=11.2, applePlatform=ApplePlatform{name=iphoneos, swiftName=ios, provisioningProfileName=iOS, architectures=[armv7, arm64], minVersionFlagPrefix=-mios-version-min=, stubBinaryPath=Library/Application Support/WatchKit/WK, appIncludesFrameworks=false}, architectures=[armv7, arm64], toolchains=[AppleToolchain{identifier=com.apple.dt.toolchain.XcodeDefault, path=/Applications/Xcode.app/Contents/Developer/Toolchains/XcodeDefault.xctoolchain}]}
[2018-03-13 13:53:41.759][debug][command:null][tid:15][com.facebook.buck.apple.AppleSdkDiscovery] Fetching SDK name for /Applications/Xcode.app/Contents/Developer/Platforms/iPhoneOS.platform/Developer/SDKs/iPhoneOS11.2.sdk
[2018-03-13 13:53:41.759][debug][command:null][tid:15][com.facebook.buck.apple.AppleSdkDiscovery] Skipping already scanned SDK directory /Applications/Xcode.app/Contents/Developer/Platforms/iPhoneOS.platform/Developer/SDKs/iPhoneOS.sdk
[2018-03-13 13:53:41.760][debug][command:null][tid:15][com.facebook.buck.apple.AppleSdkDiscovery] Fetching SDK name for /Applications/Xcode.app/Contents/Developer/Platforms/WatchOS.platform/Developer/SDKs/WatchOS4.2.sdk
[2018-03-13 13:53:41.761][debug][command:null][tid:15][com.facebook.buck.apple.AppleSdkDiscovery] Found SDK AppleSdk{name=watchos4.2, version=4.2, applePlatform=ApplePlatform{name=watchos, provisioningProfileName=iOS, architectures=[armv7k], minVersionFlagPrefix=-mwatchos-version-min=, stubBinaryPath=Library/Application Support/WatchKit/WK, appIncludesFrameworks=false}, architectures=[armv7k], toolchains=[AppleToolchain{identifier=com.apple.dt.toolchain.XcodeDefault, path=/Applications/Xcode.app/Contents/Developer/Toolchains/XcodeDefault.xctoolchain}]}
[2018-03-13 13:53:41.762][debug][command:null][tid:15][com.facebook.buck.apple.AppleSdkDiscovery] Fetching SDK name for /Applications/Xcode.app/Contents/Developer/Platforms/WatchOS.platform/Developer/SDKs/WatchOS.sdk
[2018-03-13 13:53:41.762][debug][command:null][tid:15][com.facebook.buck.apple.AppleSdkDiscovery] Skipping already scanned SDK directory /Applications/Xcode.app/Contents/Developer/Platforms/WatchOS.platform/Developer/SDKs/WatchOS.sdk
[2018-03-13 13:53:41.762][debug][command:null][tid:15][com.facebook.buck.apple.AppleSdkDiscovery] Fetching SDK name for /Applications/Xcode.app/Contents/Developer/Platforms/MacOSX.platform/Developer/SDKs/MacOSX10.13.sdk
[2018-03-13 13:53:41.828][debug][command:null][tid:15][com.facebook.buck.apple.AppleSdkDiscovery] Found SDK AppleSdk{name=macosx10.13, version=10.13, applePlatform=ApplePlatform{name=macosx, architectures=[i386, x86_64], minVersionFlagPrefix=-mmacosx-version-min=, appIncludesFrameworks=true}, architectures=[i386, x86_64], toolchains=[AppleToolchain{identifier=com.apple.dt.toolchain.XcodeDefault, path=/Applications/Xcode.app/Contents/Developer/Toolchains/XcodeDefault.xctoolchain}]}
[2018-03-13 13:53:41.829][debug][command:null][tid:15][com.facebook.buck.apple.AppleSdkDiscovery] Fetching SDK name for /Applications/Xcode.app/Contents/Developer/Platforms/MacOSX.platform/Developer/SDKs/MacOSX.sdk
[2018-03-13 13:53:41.829][debug][command:null][tid:15][com.facebook.buck.apple.AppleSdkDiscovery] Skipping already scanned SDK directory /Applications/Xcode.app/Contents/Developer/Platforms/MacOSX.platform/Developer/SDKs/MacOSX.sdk
[2018-03-13 13:53:41.830][debug][command:null][tid:15][com.facebook.buck.apple.AppleSdkDiscovery] Fetching SDK name for /Applications/Xcode.app/Contents/Developer/Platforms/WatchSimulator.platform/Developer/SDKs/WatchSimulator4.2.sdk
[2018-03-13 13:53:41.832][debug][command:null][tid:15][com.facebook.buck.apple.AppleSdkDiscovery] Found SDK AppleSdk{name=watchsimulator4.2, version=4.2, applePlatform=ApplePlatform{name=watchsimulator, architectures=[i386], minVersionFlagPrefix=-mwatchos-simulator-version-min=, stubBinaryPath=Library/Application Support/WatchKit/WK, appIncludesFrameworks=false}, architectures=[i386], toolchains=[AppleToolchain{identifier=com.apple.dt.toolchain.XcodeDefault, path=/Applications/Xcode.app/Contents/Developer/Toolchains/XcodeDefault.xctoolchain}]}
[2018-03-13 13:53:41.832][debug][command:null][tid:15][com.facebook.buck.apple.AppleSdkDiscovery] Fetching SDK name for /Applications/Xcode.app/Contents/Developer/Platforms/WatchSimulator.platform/Developer/SDKs/WatchSimulator.sdk
[2018-03-13 13:53:41.832][debug][command:null][tid:15][com.facebook.buck.apple.AppleSdkDiscovery] Skipping already scanned SDK directory /Applications/Xcode.app/Contents/Developer/Platforms/WatchSimulator.platform/Developer/SDKs/WatchSimulator.sdk
[2018-03-13 13:53:41.833][debug][command:null][tid:15][com.facebook.buck.apple.AppleSdkDiscovery] Fetching SDK name for /Applications/Xcode.app/Contents/Developer/Platforms/AppleTVSimulator.platform/Developer/SDKs/AppleTVSimulator.sdk
[2018-03-13 13:53:41.834][debug][command:null][tid:15][com.facebook.buck.apple.AppleSdkDiscovery] Found SDK AppleSdk{name=appletvsimulator11.2, version=11.2, applePlatform=ApplePlatform{name=appletvsimulator, swiftName=tvos, architectures=[x86_64], minVersionFlagPrefix=-mtvos-simulator-version-min=, appIncludesFrameworks=false}, architectures=[x86_64], toolchains=[AppleToolchain{identifier=com.apple.dt.toolchain.XcodeDefault, path=/Applications/Xcode.app/Contents/Developer/Toolchains/XcodeDefault.xctoolchain}]}
[2018-03-13 13:53:41.835][debug][command:null][tid:15][com.facebook.buck.apple.AppleSdkDiscovery] Fetching SDK name for /Applications/Xcode.app/Contents/Developer/Platforms/AppleTVSimulator.platform/Developer/SDKs/AppleTVSimulator11.2.sdk
[2018-03-13 13:53:41.835][debug][command:null][tid:15][com.facebook.buck.apple.AppleSdkDiscovery] Skipping already scanned SDK directory /Applications/Xcode.app/Contents/Developer/Platforms/AppleTVSimulator.platform/Developer/SDKs/AppleTVSimulator.sdk
[2018-03-13 13:53:41.835][debug][command:null][tid:15][com.facebook.buck.apple.AppleSdkDiscovery] Fetching SDK name for /Applications/Xcode.app/Contents/Developer/Platforms/iPhoneSimulator.platform/Developer/SDKs/iPhoneSimulator.sdk
[2018-03-13 13:53:41.836][debug][command:null][tid:15][com.facebook.buck.apple.AppleSdkDiscovery] Found SDK AppleSdk{name=iphonesimulator11.2, version=11.2, applePlatform=ApplePlatform{name=iphonesimulator, swiftName=ios, architectures=[i386, x86_64], minVersionFlagPrefix=-mios-simulator-version-min=, stubBinaryPath=Library/Application Support/WatchKit/WK, appIncludesFrameworks=false}, architectures=[i386, x86_64], toolchains=[AppleToolchain{identifier=com.apple.dt.toolchain.XcodeDefault, path=/Applications/Xcode.app/Contents/Developer/Toolchains/XcodeDefault.xctoolchain}]}
[2018-03-13 13:53:41.837][debug][command:null][tid:15][com.facebook.buck.apple.AppleSdkDiscovery] Fetching SDK name for /Applications/Xcode.app/Contents/Developer/Platforms/iPhoneSimulator.platform/Developer/SDKs/iPhoneSimulator11.2.sdk
[2018-03-13 13:53:41.837][debug][command:null][tid:15][com.facebook.buck.apple.AppleSdkDiscovery] Skipping already scanned SDK directory /Applications/Xcode.app/Contents/Developer/Platforms/iPhoneSimulator.platform/Developer/SDKs/iPhoneSimulator.sdk
[2018-03-13 13:53:41.872][info ][command:null][tid:15][com.facebook.buck.io.Watchman] Creating for: [/Users/guirassy/Desktop/Projects/Projet_Annuel/FlashLove_Android/FlashLove]
[2018-03-13 13:53:41.941][debug][command:null][tid:15][com.facebook.buck.io.ExecutableFinder] Executable 'watchman' mapped to 'Optional[/usr/local/bin/watchman]'
[2018-03-13 13:53:41.943][debug][command:null][tid:15][com.facebook.buck.util.ListeningProcessExecutor] Launching process with params ProcessExecutorParams{command=[/usr/local/bin/watchman, --output-encoding=bser, get-sockname]}
[2018-03-13 13:53:42.006][debug][command:null][tid:15][com.facebook.buck.util.ListeningProcessExecutor] Successfully launched process com.zaxxer.nuprocess.osx.OsxProcess@5d6e5bcb
[2018-03-13 13:53:42.007][debug][command:null][tid:15][com.facebook.buck.util.ListeningProcessExecutor] Waiting for process com.facebook.buck.util.ListeningProcessExecutor$LaunchedProcessImpl@7944e03a timeout 1000000000 NANOSECONDS
[2018-03-13 13:53:42.058][debug][command:null][tid:15][com.facebook.buck.util.ListeningProcessExecutor] Wait for process returned 0
[2018-03-13 13:53:42.063][debug][command:null][tid:15][com.facebook.buck.io.Watchman] Waited 51 ms for Watchman command get-sockname, exit code 0
[2018-03-13 13:53:42.085][debug][command:null][tid:15][com.facebook.buck.io.Watchman] stdout of command: {sockname=/usr/local/var/run/watchman/guirassy-state/sock, version=4.9.0}
[2018-03-13 13:53:42.086][info ][command:null][tid:15][com.facebook.buck.io.Watchman] Connecting to Watchman version 4.9.0 at /usr/local/var/run/watchman/guirassy-state/sock
[2018-03-13 13:53:42.121][debug][command:null][tid:15][com.facebook.buck.io.Watchman] Connected to Watchman
[2018-03-13 13:53:42.127][debug][command:null][tid:27][com.facebook.buck.io.WatchmanTransportClient] Sending query: [version, {required=[cmd-watch-project], optional=[term-dirname, cmd-watch-project, wildmatch, wildmatch_multislash, glob_generator, clock-sync-timeout]}]
[2018-03-13 13:53:42.133][debug][command:null][tid:15][com.facebook.buck.io.WatchmanTransportClient] Query [version, {required=[cmd-watch-project], optional=[term-dirname, cmd-watch-project, wildmatch, wildmatch_multislash, glob_generator, clock-sync-timeout]}] returned in 6 ms
[2018-03-13 13:53:42.134][info ][command:null][tid:15][com.facebook.buck.io.Watchman] Took 12 ms to query capabilities {term-dirname=DIRNAME, cmd-watch-project=SUPPORTS_PROJECT_WATCH, wildmatch=WILDMATCH_GLOB, wildmatch_multislash=WILDMATCH_MULTISLASH, glob_generator=GLOB_GENERATOR, clock-sync-timeout=CLOCK_SYNC_TIMEOUT}
[2018-03-13 13:53:42.134][debug][command:null][tid:15][com.facebook.buck.io.Watchman] Got capabilities response: {clock-sync-timeout=true, glob_generator=true, wildmatch_multislash=false, cmd-watch-project=true, wildmatch=true, term-dirname=true}
[2018-03-13 13:53:42.135][debug][command:null][tid:15][com.facebook.buck.io.Watchman] Got Watchman capabilities: [CLOCK_SYNC_TIMEOUT, GLOB_GENERATOR, SUPPORTS_PROJECT_WATCH, WILDMATCH_GLOB, DIRNAME]
[2018-03-13 13:53:42.135][info ][command:null][tid:15][com.facebook.buck.io.Watchman] Adding watchman root: /Users/guirassy/Desktop/Projects/Projet_Annuel/FlashLove_Android/FlashLove
[2018-03-13 13:53:42.135][debug][command:null][tid:27][com.facebook.buck.io.WatchmanTransportClient] Sending query: [watch-project, /Users/guirassy/Desktop/Projects/Projet_Annuel/FlashLove_Android/FlashLove]
[2018-03-13 13:53:42.295][debug][command:null][tid:15][com.facebook.buck.io.WatchmanTransportClient] Query [watch-project, /Users/guirassy/Desktop/Projects/Projet_Annuel/FlashLove_Android/FlashLove] returned in 159 ms
[2018-03-13 13:53:42.295][debug][command:null][tid:27][com.facebook.buck.io.WatchmanTransportClient] Sending query: [watch-project, /Users/guirassy/Desktop/Projects/Projet_Annuel/FlashLove_Android/FlashLove]
[2018-03-13 13:53:42.296][debug][command:null][tid:15][com.facebook.buck.io.WatchmanTransportClient] Query [watch-project, /Users/guirassy/Desktop/Projects/Projet_Annuel/FlashLove_Android/FlashLove] returned in 0 ms
[2018-03-13 13:53:42.296][info ][command:null][tid:15][com.facebook.buck.io.Watchman] Took 160 ms to add root /Users/guirassy/Desktop/Projects/Projet_Annuel/FlashLove_Android/FlashLove
[2018-03-13 13:53:42.301][debug][command:null][tid:27][com.facebook.buck.io.WatchmanTransportClient] Sending query: [clock, /Users/guirassy/Desktop/Projects/Projet_Annuel/FlashLove_Android/FlashLove, {sync_timeout=100}]
[2018-03-13 13:53:42.314][debug][command:null][tid:15][com.facebook.buck.io.WatchmanTransportClient] Query [clock, /Users/guirassy/Desktop/Projects/Projet_Annuel/FlashLove_Android/FlashLove, {sync_timeout=100}] returned in 12 ms
[2018-03-13 13:53:42.314][info ][command:null][tid:15][com.facebook.buck.io.Watchman] Took 13 ms to query for initial clock id Optional[c:1520945622:21930:1:3]
[2018-03-13 13:53:42.315][debug][command:null][tid:15][com.facebook.buck.cli.Main] Watchman capabilities: [CLOCK_SYNC_TIMEOUT, GLOB_GENERATOR, SUPPORTS_PROJECT_WATCH, WILDMATCH_GLOB, DIRNAME] Project watches: {/Users/guirassy/Desktop/Projects/Projet_Annuel/FlashLove_Android/FlashLove=ProjectWatch{watchRoot=/Users/guirassy/Desktop/Projects/Projet_Annuel/FlashLove_Android/FlashLove}} Glob handler config: PYTHON Query timeout ms config: Optional.empty
[2018-03-13 13:53:42.337][debug][command:null][tid:15][com.facebook.buck.cli.DaemonLifecycleManager] Starting up daemon for project root [/Users/guirassy/Desktop/Projects/Projet_Annuel/FlashLove_Android/FlashLove]
[2018-03-13 13:53:43.035][warn ][command:null][tid:15][com.facebook.buck.cli.Daemon] Can't start web server
[2018-03-13 13:53:43.037][debug][command:null][tid:15][com.facebook.buck.cli.Daemon] Using Watchman Cursor: {/Users/guirassy/Desktop/Projects/Projet_Annuel/FlashLove_Android/FlashLove=c:1520945622:21930:1:3}
